Using pre-set license
Built from '2021.1/staging' branch; Version is '2021.1.7f1 (d91830b65d9b) revision 14227504'; Using compiler version '192528614'; Build Type 'Release'
OS: 'Windows 10 Pro; OS build 22621.2134; Version 2009; 64bit' Language: 'pt' Physical Memory: 24413 MB
BatchMode: 1, IsHumanControllingUs: 0, StartBugReporterOnCrash: 0, Is64bit: 1, IsPro: 0

 COMMAND LINE ARGUMENTS:
C:\Program Files\Unity\Hub\Editor\2021.1.7f1\Editor\Unity.exe
-adb2
-batchMode
-noUpm
-name
AssetImportWorker0
-projectPath
C:/Users/diego/Documents/Projects/jepo-shcrv2/JepoShCr_v2
-logFile
Logs/AssetImportWorker0.log
-srvPort
50545
Successfully changed project path to: C:/Users/diego/Documents/Projects/jepo-shcrv2/JepoShCr_v2
C:/Users/diego/Documents/Projects/jepo-shcrv2/JepoShCr_v2
Using Asset Import Pipeline V2.
Refreshing native plugins compatible for Editor in 45.13 ms, found 0 plugins.
Preloading 0 native plugins for Editor in 0.00 ms.
Initialize engine version: 2021.1.7f1 (d91830b65d9b)
[Subsystems] Discovering subsystems at path C:/Program Files/Unity/Hub/Editor/2021.1.7f1/Editor/Data/Resources/UnitySubsystems
[Subsystems] Discovering subsystems at path C:/Users/diego/Documents/Projects/jepo-shcrv2/JepoShCr_v2/Assets
GfxDevice: creating device client; threaded=0; jobified=0
Direct3D:
    Version:  Direct3D 11.0 [level 11.1]
    Renderer: NVIDIA GeForce GTX 1650 (ID=0x1f91)
    Vendor:   NVIDIA
    VRAM:     3949 MB
    Driver:   31.0.15.3141
Shader 'Universal Render Pipeline/Particles/Lit': fallback shader 'Universal Render Pipeline/Particles/SimpleLit' not found
Initialize mono
Mono path[0] = 'C:/Program Files/Unity/Hub/Editor/2021.1.7f1/Editor/Data/Managed'
Mono path[1] = 'C:/Program Files/Unity/Hub/Editor/2021.1.7f1/Editor/Data/MonoBleedingEdge/lib/mono/unityjit'
Mono config path = 'C:/Program Files/Unity/Hub/Editor/2021.1.7f1/Editor/Data/MonoBleedingEdge/etc'
Using monoOptions --debugger-agent=transport=dt_socket,embedding=1,server=y,suspend=n,address=127.0.0.1:56832
Begin MonoManager ReloadAssembly
Registering precompiled unity dll's ...
Register platform support module: C:/Program Files/Unity/Hub/Editor/2021.1.7f1/Editor/Data/PlaybackEngines/WindowsStandaloneSupport/UnityEditor.WindowsStandalone.Extensions.dll
Registered in 0.001587 seconds.
Native extension for WindowsStandalone target not found
Refreshing native plugins compatible for Editor in 67.48 ms, found 0 plugins.
Preloading 0 native plugins for Editor in 0.00 ms.
Mono: successfully reloaded assembly
- Completed reload, in  1.560 seconds
Platform modules already initialized, skipping
Registering precompiled user dll's ...
Registered in 0.001437 seconds.
Begin MonoManager ReloadAssembly
Native extension for WindowsStandalone target not found
Refreshing native plugins compatible for Editor in 47.99 ms, found 0 plugins.
Preloading 0 native plugins for Editor in 0.00 ms.
Mono: successfully reloaded assembly
- Completed reload, in  1.172 seconds
Platform modules already initialized, skipping
========================================================================
Worker process is ready to serve import requests
Shader 'Universal Render Pipeline/Particles/Lit': fallback shader 'Universal Render Pipeline/Particles/SimpleLit' not found
Launched and connected shader compiler UnityShaderCompiler.exe after 0.06 seconds
Refreshing native plugins compatible for Editor in 0.43 ms, found 0 plugins.
Preloading 0 native plugins for Editor in 0.00 ms.
Unloading 2296 Unused Serialized files (Serialized files now loaded: 0)
System memory in use before: 117.7 MB.
System memory in use after: 117.8 MB.

Unloading 14 unused Assets to reduce memory usage. Loaded Objects now: 2754.
Total: 2.276800 ms (FindLiveObjects: 0.211300 ms CreateObjectMapping: 0.153300 ms MarkObjects: 1.791600 ms  DeleteObjects: 0.119400 ms)

========================================================================
Received Import Request.
  path: Assets/Scripts/Dungeon/Room.cs
  artifactKey: Guid(3f3397c23e56f8942a9e5d8ae64829ab) Importer(815301076,1909f56bfc062723c751e8b465ee728b)
Start importing Assets/Scripts/Dungeon/Room.cs using Guid(3f3397c23e56f8942a9e5d8ae64829ab) Importer(815301076,1909f56bfc062723c751e8b465ee728b)  -> (artifact id: '7389dc687eb849d16ee2129e8bf91732') in 0.043053 seconds 
========================================================================
Received Import Request.
  Time since last request: 92.825891 seconds.
  path: Assets/Scripts/Dungeon/Room.cs
  artifactKey: Guid(3f3397c23e56f8942a9e5d8ae64829ab) Importer(815301076,1909f56bfc062723c751e8b465ee728b)
Start importing Assets/Scripts/Dungeon/Room.cs using Guid(3f3397c23e56f8942a9e5d8ae64829ab) Importer(815301076,1909f56bfc062723c751e8b465ee728b)  -> (artifact id: '8a941bfef0f7eb9e1ca52d0509ab8166') in 0.002709 seconds 
========================================================================
Received Import Request.
  Time since last request: 291.645452 seconds.
  path: Assets/Scripts/Dungeon/Room.cs
  artifactKey: Guid(3f3397c23e56f8942a9e5d8ae64829ab) Importer(815301076,1909f56bfc062723c751e8b465ee728b)
Start importing Assets/Scripts/Dungeon/Room.cs using Guid(3f3397c23e56f8942a9e5d8ae64829ab) Importer(815301076,1909f56bfc062723c751e8b465ee728b)  -> (artifact id: '23233183b3daf2b7bbf13de1c8fdd0f5') in 0.003257 seconds 
========================================================================
Received Import Request.
  Time since last request: 180.349111 seconds.
  path: Assets/Scripts/Dungeon/Room.cs
  artifactKey: Guid(3f3397c23e56f8942a9e5d8ae64829ab) Importer(815301076,1909f56bfc062723c751e8b465ee728b)
Start importing Assets/Scripts/Dungeon/Room.cs using Guid(3f3397c23e56f8942a9e5d8ae64829ab) Importer(815301076,1909f56bfc062723c751e8b465ee728b)  -> (artifact id: 'deb4961baee8f13e8a4b051c4e7471e7') in 0.002432 seconds 
========================================================================
Received Import Request.
  Time since last request: 71.628817 seconds.
  path: Assets/Scripts/Dungeon/Room.cs
  artifactKey: Guid(3f3397c23e56f8942a9e5d8ae64829ab) Importer(815301076,1909f56bfc062723c751e8b465ee728b)
Start importing Assets/Scripts/Dungeon/Room.cs using Guid(3f3397c23e56f8942a9e5d8ae64829ab) Importer(815301076,1909f56bfc062723c751e8b465ee728b)  -> (artifact id: 'fe30d41cb9efab3a1b6866e43651a94c') in 0.002266 seconds 
========================================================================
Received Import Request.
  Time since last request: 24.462362 seconds.
  path: Assets/Scripts/Dungeon/Room.cs
  artifactKey: Guid(3f3397c23e56f8942a9e5d8ae64829ab) Importer(815301076,1909f56bfc062723c751e8b465ee728b)
Start importing Assets/Scripts/Dungeon/Room.cs using Guid(3f3397c23e56f8942a9e5d8ae64829ab) Importer(815301076,1909f56bfc062723c751e8b465ee728b)  -> (artifact id: 'c3be61b7b94f237f726b66cf437e02dd') in 0.002529 seconds 
========================================================================
Received Prepare
Registering precompiled user dll's ...
Registered in 0.001784 seconds.
Begin MonoManager ReloadAssembly
Native extension for WindowsStandalone target not found
Refreshing native plugins compatible for Editor in 0.38 ms, found 0 plugins.
Preloading 0 native plugins for Editor in 0.00 ms.
Mono: successfully reloaded assembly
- Completed reload, in  1.060 seconds
Platform modules already initialized, skipping
Shader 'Universal Render Pipeline/Particles/Lit': fallback shader 'Universal Render Pipeline/Particles/SimpleLit' not found
Refreshing native plugins compatible for Editor in 0.39 ms, found 0 plugins.
Preloading 0 native plugins for Editor in 0.00 ms.
Unloading 2168 Unused Serialized files (Serialized files now loaded: 0)
System memory in use before: 108.9 MB.
System memory in use after: 109.1 MB.

Unloading 6 unused Assets to reduce memory usage. Loaded Objects now: 2756.
Total: 2.406500 ms (FindLiveObjects: 0.195900 ms CreateObjectMapping: 0.089300 ms MarkObjects: 2.061600 ms  DeleteObjects: 0.058500 ms)

========================================================================
Received Import Request.
  Time since last request: 14.088763 seconds.
  path: Assets/Scripts/Dungeon/DungeonBuilder.cs
  artifactKey: Guid(e8f578ad277c62f46bae197605c32fef) Importer(815301076,1909f56bfc062723c751e8b465ee728b)
Start importing Assets/Scripts/Dungeon/DungeonBuilder.cs using Guid(e8f578ad277c62f46bae197605c32fef) Importer(815301076,1909f56bfc062723c751e8b465ee728b)  -> (artifact id: '48da3219eec35d5c87ffccde1afa11aa') in 0.013997 seconds 
========================================================================
Received Import Request.
  Time since last request: 77.252597 seconds.
  path: Assets/Scripts/Dungeon/DungeonBuilder.cs
  artifactKey: Guid(e8f578ad277c62f46bae197605c32fef) Importer(815301076,1909f56bfc062723c751e8b465ee728b)
Start importing Assets/Scripts/Dungeon/DungeonBuilder.cs using Guid(e8f578ad277c62f46bae197605c32fef) Importer(815301076,1909f56bfc062723c751e8b465ee728b)  -> (artifact id: '8012d37abb35290eaceebbabad8e8c89') in 0.002642 seconds 
========================================================================
Received Import Request.
  Time since last request: 95.504168 seconds.
  path: Assets/Scripts/Dungeon/DungeonBuilder.cs
  artifactKey: Guid(e8f578ad277c62f46bae197605c32fef) Importer(815301076,1909f56bfc062723c751e8b465ee728b)
Start importing Assets/Scripts/Dungeon/DungeonBuilder.cs using Guid(e8f578ad277c62f46bae197605c32fef) Importer(815301076,1909f56bfc062723c751e8b465ee728b)  -> (artifact id: '739d8d285b56fa3a721992681ef6db53') in 0.002436 seconds 
========================================================================
Received Prepare
Registering precompiled user dll's ...
Registered in 0.001309 seconds.
Begin MonoManager ReloadAssembly
Native extension for WindowsStandalone target not found
Refreshing native plugins compatible for Editor in 0.38 ms, found 0 plugins.
Preloading 0 native plugins for Editor in 0.00 ms.
Mono: successfully reloaded assembly
- Completed reload, in  0.953 seconds
Platform modules already initialized, skipping
Shader 'Universal Render Pipeline/Particles/Lit': fallback shader 'Universal Render Pipeline/Particles/SimpleLit' not found
Refreshing native plugins compatible for Editor in 0.38 ms, found 0 plugins.
Preloading 0 native plugins for Editor in 0.00 ms.
Unloading 2168 Unused Serialized files (Serialized files now loaded: 0)
System memory in use before: 108.9 MB.
System memory in use after: 109.1 MB.

Unloading 6 unused Assets to reduce memory usage. Loaded Objects now: 2758.
Total: 2.537400 ms (FindLiveObjects: 0.202100 ms CreateObjectMapping: 0.089000 ms MarkObjects: 2.190700 ms  DeleteObjects: 0.054500 ms)

========================================================================
Received Import Request.
  Time since last request: 46.943685 seconds.
  path: Assets/Scripts/Dungeon/InstantiatedRoom.cs
  artifactKey: Guid(123f0545732c729408fea6d6bab485e4) Importer(815301076,1909f56bfc062723c751e8b465ee728b)
Start importing Assets/Scripts/Dungeon/InstantiatedRoom.cs using Guid(123f0545732c729408fea6d6bab485e4) Importer(815301076,1909f56bfc062723c751e8b465ee728b)  -> (artifact id: 'a7be2b6188295810767a4989786b1047') in 0.015462 seconds 
========================================================================
Received Import Request.
  Time since last request: 41.229974 seconds.
  path: Assets/Scripts/Dungeon/InstantiatedRoom.cs
  artifactKey: Guid(123f0545732c729408fea6d6bab485e4) Importer(815301076,1909f56bfc062723c751e8b465ee728b)
Start importing Assets/Scripts/Dungeon/InstantiatedRoom.cs using Guid(123f0545732c729408fea6d6bab485e4) Importer(815301076,1909f56bfc062723c751e8b465ee728b)  -> (artifact id: '8e0e467136943b741ae7890930be4768') in 0.003373 seconds 
========================================================================
Received Import Request.
  Time since last request: 96.885431 seconds.
  path: Assets/Scripts/Dungeon/InstantiatedRoom.cs
  artifactKey: Guid(123f0545732c729408fea6d6bab485e4) Importer(815301076,1909f56bfc062723c751e8b465ee728b)
Start importing Assets/Scripts/Dungeon/InstantiatedRoom.cs using Guid(123f0545732c729408fea6d6bab485e4) Importer(815301076,1909f56bfc062723c751e8b465ee728b)  -> (artifact id: '8a96dbd2a0f233235015e057e3dce058') in 0.002377 seconds 
========================================================================
Received Import Request.
  Time since last request: 90.537846 seconds.
  path: Assets/Scripts/Dungeon/InstantiatedRoom.cs
  artifactKey: Guid(123f0545732c729408fea6d6bab485e4) Importer(815301076,1909f56bfc062723c751e8b465ee728b)
Start importing Assets/Scripts/Dungeon/InstantiatedRoom.cs using Guid(123f0545732c729408fea6d6bab485e4) Importer(815301076,1909f56bfc062723c751e8b465ee728b)  -> (artifact id: '96cf64daf7b5ef7943ad3ef86ea82c8d') in 0.002874 seconds 
========================================================================
Received Prepare
Registering precompiled user dll's ...
Registered in 0.001350 seconds.
Begin MonoManager ReloadAssembly
Native extension for WindowsStandalone target not found
Refreshing native plugins compatible for Editor in 0.37 ms, found 0 plugins.
Preloading 0 native plugins for Editor in 0.00 ms.
Mono: successfully reloaded assembly
- Completed reload, in  0.970 seconds
Platform modules already initialized, skipping
Shader 'Universal Render Pipeline/Particles/Lit': fallback shader 'Universal Render Pipeline/Particles/SimpleLit' not found
Refreshing native plugins compatible for Editor in 0.39 ms, found 0 plugins.
Preloading 0 native plugins for Editor in 0.00 ms.
Unloading 2168 Unused Serialized files (Serialized files now loaded: 0)
System memory in use before: 108.9 MB.
System memory in use after: 109.1 MB.

Unloading 6 unused Assets to reduce memory usage. Loaded Objects now: 2760.
Total: 2.341400 ms (FindLiveObjects: 0.193600 ms CreateObjectMapping: 0.093200 ms MarkObjects: 1.988600 ms  DeleteObjects: 0.065100 ms)

========================================================================
Received Prepare
Registering precompiled user dll's ...
Registered in 0.001417 seconds.
Begin MonoManager ReloadAssembly
Native extension for WindowsStandalone target not found
Refreshing native plugins compatible for Editor in 0.37 ms, found 0 plugins.
Preloading 0 native plugins for Editor in 0.00 ms.
Mono: successfully reloaded assembly
- Completed reload, in  0.917 seconds
Platform modules already initialized, skipping
Shader 'Universal Render Pipeline/Particles/Lit': fallback shader 'Universal Render Pipeline/Particles/SimpleLit' not found
Refreshing native plugins compatible for Editor in 0.39 ms, found 0 plugins.
Preloading 0 native plugins for Editor in 0.00 ms.
Unloading 2168 Unused Serialized files (Serialized files now loaded: 0)
System memory in use before: 108.9 MB.
System memory in use after: 109.1 MB.

Unloading 6 unused Assets to reduce memory usage. Loaded Objects now: 2762.
Total: 2.345700 ms (FindLiveObjects: 0.192800 ms CreateObjectMapping: 0.089600 ms MarkObjects: 2.006100 ms  DeleteObjects: 0.056400 ms)

========================================================================
Received Prepare
Registering precompiled user dll's ...
Registered in 0.001782 seconds.
Begin MonoManager ReloadAssembly
Native extension for WindowsStandalone target not found
Refreshing native plugins compatible for Editor in 0.37 ms, found 0 plugins.
Preloading 0 native plugins for Editor in 0.00 ms.
Mono: successfully reloaded assembly
- Completed reload, in  0.965 seconds
Platform modules already initialized, skipping
Shader 'Universal Render Pipeline/Particles/Lit': fallback shader 'Universal Render Pipeline/Particles/SimpleLit' not found
Refreshing native plugins compatible for Editor in 0.40 ms, found 0 plugins.
Preloading 0 native plugins for Editor in 0.00 ms.
Unloading 2168 Unused Serialized files (Serialized files now loaded: 0)
System memory in use before: 108.9 MB.
System memory in use after: 109.0 MB.

Unloading 6 unused Assets to reduce memory usage. Loaded Objects now: 2764.
Total: 2.270000 ms (FindLiveObjects: 0.170500 ms CreateObjectMapping: 0.085300 ms MarkObjects: 1.962800 ms  DeleteObjects: 0.050200 ms)

========================================================================
Received Prepare
Registering precompiled user dll's ...
Registered in 0.002111 seconds.
Begin MonoManager ReloadAssembly
Native extension for WindowsStandalone target not found
Refreshing native plugins compatible for Editor in 0.37 ms, found 0 plugins.
Preloading 0 native plugins for Editor in 0.00 ms.
Mono: successfully reloaded assembly
- Completed reload, in  0.968 seconds
Platform modules already initialized, skipping
Shader 'Universal Render Pipeline/Particles/Lit': fallback shader 'Universal Render Pipeline/Particles/SimpleLit' not found
Refreshing native plugins compatible for Editor in 0.39 ms, found 0 plugins.
Preloading 0 native plugins for Editor in 0.00 ms.
Unloading 2168 Unused Serialized files (Serialized files now loaded: 0)
System memory in use before: 109.0 MB.
System memory in use after: 109.1 MB.

Unloading 6 unused Assets to reduce memory usage. Loaded Objects now: 2766.
Total: 2.472000 ms (FindLiveObjects: 0.215600 ms CreateObjectMapping: 0.085200 ms MarkObjects: 2.069800 ms  DeleteObjects: 0.100600 ms)

========================================================================
Received Import Request.
  Time since last request: 507.144191 seconds.
  path: Assets/Scripts/Enemies/EnemySpawner.cs
  artifactKey: Guid(b848f976fdfc57c46ae29df3814af0a1) Importer(815301076,1909f56bfc062723c751e8b465ee728b)
Start importing Assets/Scripts/Enemies/EnemySpawner.cs using Guid(b848f976fdfc57c46ae29df3814af0a1) Importer(815301076,1909f56bfc062723c751e8b465ee728b)  -> (artifact id: 'f6cabebffd0339dff728efa649f4951f') in 0.014596 seconds 
========================================================================
Received Prepare
Registering precompiled user dll's ...
Registered in 0.001571 seconds.
Begin MonoManager ReloadAssembly
Native extension for WindowsStandalone target not found
Refreshing native plugins compatible for Editor in 0.37 ms, found 0 plugins.
Preloading 0 native plugins for Editor in 0.00 ms.
Mono: successfully reloaded assembly
- Completed reload, in  0.873 seconds
Platform modules already initialized, skipping
Shader 'Universal Render Pipeline/Particles/Lit': fallback shader 'Universal Render Pipeline/Particles/SimpleLit' not found
Refreshing native plugins compatible for Editor in 0.38 ms, found 0 plugins.
Preloading 0 native plugins for Editor in 0.00 ms.
Unloading 2169 Unused Serialized files (Serialized files now loaded: 0)
System memory in use before: 109.0 MB.
System memory in use after: 109.2 MB.

Unloading 6 unused Assets to reduce memory usage. Loaded Objects now: 2769.
Total: 2.322600 ms (FindLiveObjects: 0.195200 ms CreateObjectMapping: 0.098500 ms MarkObjects: 1.977300 ms  DeleteObjects: 0.050700 ms)

========================================================================
Received Import Request.
  Time since last request: 561.617282 seconds.
  path: Assets/Scripts/Enemies/EnemySpawner.cs
  artifactKey: Guid(b848f976fdfc57c46ae29df3814af0a1) Importer(815301076,1909f56bfc062723c751e8b465ee728b)
Start importing Assets/Scripts/Enemies/EnemySpawner.cs using Guid(b848f976fdfc57c46ae29df3814af0a1) Importer(815301076,1909f56bfc062723c751e8b465ee728b)  -> (artifact id: 'b0da510dce1dbd9638824d11210a0779') in 0.008549 seconds 
========================================================================
Received Prepare
Registering precompiled user dll's ...
Registered in 0.019481 seconds.
Begin MonoManager ReloadAssembly
Native extension for WindowsStandalone target not found
Refreshing native plugins compatible for Editor in 0.36 ms, found 0 plugins.
Preloading 0 native plugins for Editor in 0.00 ms.
Mono: successfully reloaded assembly
- Completed reload, in  0.923 seconds
Platform modules already initialized, skipping
Shader 'Universal Render Pipeline/Particles/Lit': fallback shader 'Universal Render Pipeline/Particles/SimpleLit' not found
Refreshing native plugins compatible for Editor in 0.40 ms, found 0 plugins.
Preloading 0 native plugins for Editor in 0.00 ms.
Unloading 2169 Unused Serialized files (Serialized files now loaded: 0)
System memory in use before: 109.0 MB.
System memory in use after: 109.2 MB.

Unloading 6 unused Assets to reduce memory usage. Loaded Objects now: 2771.
Total: 2.457300 ms (FindLiveObjects: 0.202000 ms CreateObjectMapping: 0.109300 ms MarkObjects: 2.043400 ms  DeleteObjects: 0.101600 ms)

========================================================================
Received Prepare
Registering precompiled user dll's ...
Registered in 0.001428 seconds.
Begin MonoManager ReloadAssembly
Native extension for WindowsStandalone target not found
Refreshing native plugins compatible for Editor in 0.41 ms, found 0 plugins.
Preloading 0 native plugins for Editor in 0.00 ms.
Mono: successfully reloaded assembly
- Completed reload, in  0.910 seconds
Platform modules already initialized, skipping
Shader 'Universal Render Pipeline/Particles/Lit': fallback shader 'Universal Render Pipeline/Particles/SimpleLit' not found
Refreshing native plugins compatible for Editor in 0.64 ms, found 0 plugins.
Preloading 0 native plugins for Editor in 0.00 ms.
Unloading 2169 Unused Serialized files (Serialized files now loaded: 0)
System memory in use before: 109.0 MB.
System memory in use after: 109.2 MB.

Unloading 6 unused Assets to reduce memory usage. Loaded Objects now: 2773.
Total: 3.091400 ms (FindLiveObjects: 0.332300 ms CreateObjectMapping: 0.128200 ms MarkObjects: 2.501900 ms  DeleteObjects: 0.127400 ms)

========================================================================
Received Import Request.
  Time since last request: 621.829233 seconds.
  path: Assets/ScriptableObjectAssets/Dungeon/Rooms/Caverns/Room_ChestRoom_Caverns_1.asset
  artifactKey: Guid(bb0d02b71b52cd942a2799922766a68b) Importer(815301076,1909f56bfc062723c751e8b465ee728b)
Start importing Assets/ScriptableObjectAssets/Dungeon/Rooms/Caverns/Room_ChestRoom_Caverns_1.asset using Guid(bb0d02b71b52cd942a2799922766a68b) Importer(815301076,1909f56bfc062723c751e8b465ee728b)  -> (artifact id: 'c3761a48dde51e8df5f477befb5bcbe0') in 0.107580 seconds 
========================================================================
Received Import Request.
  Time since last request: 3.527196 seconds.
  path: Assets/ScriptableObjectAssets/Dungeon/Rooms/Caverns/Room_CorridorNS_Caverns_1.asset
  artifactKey: Guid(eefaa47786a63634c957d7629f1a055d) Importer(815301076,1909f56bfc062723c751e8b465ee728b)
Start importing Assets/ScriptableObjectAssets/Dungeon/Rooms/Caverns/Room_CorridorNS_Caverns_1.asset using Guid(eefaa47786a63634c957d7629f1a055d) Importer(815301076,1909f56bfc062723c751e8b465ee728b)  -> (artifact id: 'a9881f2484985b5c94ad9a7fb254cfc9') in 0.014100 seconds 
========================================================================
Received Import Request.
  Time since last request: 0.771923 seconds.
  path: Assets/ScriptableObjectAssets/Dungeon/Rooms/Caverns/Room_Entrance_Caverns_1.asset
  artifactKey: Guid(49d14438f0f5c9541979ed2225e96791) Importer(815301076,1909f56bfc062723c751e8b465ee728b)
Start importing Assets/ScriptableObjectAssets/Dungeon/Rooms/Caverns/Room_Entrance_Caverns_1.asset using Guid(49d14438f0f5c9541979ed2225e96791) Importer(815301076,1909f56bfc062723c751e8b465ee728b)  -> (artifact id: '8fea8d4282d564ceaf38112417ddb3ef') in 0.013485 seconds 
========================================================================
Received Import Request.
  Time since last request: 0.564358 seconds.
  path: Assets/ScriptableObjectAssets/Dungeon/Rooms/Caverns/Room_MediumRoom_Caverns_1.asset
  artifactKey: Guid(20d381758b3b57e44bc39634e1046dda) Importer(815301076,1909f56bfc062723c751e8b465ee728b)
Start importing Assets/ScriptableObjectAssets/Dungeon/Rooms/Caverns/Room_MediumRoom_Caverns_1.asset using Guid(20d381758b3b57e44bc39634e1046dda) Importer(815301076,1909f56bfc062723c751e8b465ee728b)  -> (artifact id: 'eb16ab9b6d83e820771f4306b2f8a011') in 0.015278 seconds 
========================================================================
Received Import Request.
  Time since last request: 0.728143 seconds.
  path: Assets/ScriptableObjectAssets/Dungeon/Rooms/Caverns/Room_LargeRoom_Caverns_1.asset
  artifactKey: Guid(6a353ed86cf41d348ac264d6f54c035c) Importer(815301076,1909f56bfc062723c751e8b465ee728b)
Start importing Assets/ScriptableObjectAssets/Dungeon/Rooms/Caverns/Room_LargeRoom_Caverns_1.asset using Guid(6a353ed86cf41d348ac264d6f54c035c) Importer(815301076,1909f56bfc062723c751e8b465ee728b)  -> (artifact id: '24f1b39b6b7d33e6a3bfecd36133bb6e') in 0.046381 seconds 
========================================================================
Received Import Request.
  Time since last request: 84.972585 seconds.
  path: Assets/ScriptableObjectAssets/Dungeon/Rooms/Caverns/Room_SmallRoom_Caverns_1.asset
  artifactKey: Guid(408b8a06815cf1d4aa63f3330019867c) Importer(815301076,1909f56bfc062723c751e8b465ee728b)
Start importing Assets/ScriptableObjectAssets/Dungeon/Rooms/Caverns/Room_SmallRoom_Caverns_1.asset using Guid(408b8a06815cf1d4aa63f3330019867c) Importer(815301076,1909f56bfc062723c751e8b465ee728b)  -> (artifact id: 'e6b0f71b506ea32b3685ba9e0c4e0fb7') in 0.016676 seconds 
========================================================================
Received Prepare
Registering precompiled user dll's ...
Registered in 0.150599 seconds.
Begin MonoManager ReloadAssembly
Native extension for WindowsStandalone target not found
Refreshing native plugins compatible for Editor in 0.46 ms, found 0 plugins.
Preloading 0 native plugins for Editor in 0.00 ms.
Mono: successfully reloaded assembly
- Completed reload, in  8.437 seconds
Platform modules already initialized, skipping
Shader 'Universal Render Pipeline/Particles/Lit': fallback shader 'Universal Render Pipeline/Particles/SimpleLit' not found
Refreshing native plugins compatible for Editor in 0.65 ms, found 0 plugins.
Preloading 0 native plugins for Editor in 0.00 ms.
Unloading 2169 Unused Serialized files (Serialized files now loaded: 0)
System memory in use before: 109.2 MB.
System memory in use after: 109.4 MB.

Unloading 7 unused Assets to reduce memory usage. Loaded Objects now: 2775.
Total: 2.664900 ms (FindLiveObjects: 0.192300 ms CreateObjectMapping: 0.095800 ms MarkObjects: 2.307300 ms  DeleteObjects: 0.067700 ms)

========================================================================
Received Prepare
Registering precompiled user dll's ...
Registered in 0.001305 seconds.
Begin MonoManager ReloadAssembly
Native extension for WindowsStandalone target not found
Refreshing native plugins compatible for Editor in 0.37 ms, found 0 plugins.
Preloading 0 native plugins for Editor in 0.00 ms.
Mono: successfully reloaded assembly
- Completed reload, in  0.940 seconds
Platform modules already initialized, skipping
Shader 'Universal Render Pipeline/Particles/Lit': fallback shader 'Universal Render Pipeline/Particles/SimpleLit' not found
Refreshing native plugins compatible for Editor in 0.50 ms, found 0 plugins.
Preloading 0 native plugins for Editor in 0.00 ms.
Unloading 2169 Unused Serialized files (Serialized files now loaded: 0)
System memory in use before: 109.2 MB.
System memory in use after: 109.4 MB.

Unloading 6 unused Assets to reduce memory usage. Loaded Objects now: 2777.
Total: 2.126300 ms (FindLiveObjects: 0.186100 ms CreateObjectMapping: 0.095800 ms MarkObjects: 1.791500 ms  DeleteObjects: 0.052000 ms)

========================================================================
Received Prepare
Registering precompiled user dll's ...
Registered in 0.001389 seconds.
Begin MonoManager ReloadAssembly
Native extension for WindowsStandalone target not found
Refreshing native plugins compatible for Editor in 0.38 ms, found 0 plugins.
Preloading 0 native plugins for Editor in 0.00 ms.
Mono: successfully reloaded assembly
- Completed reload, in  0.910 seconds
Platform modules already initialized, skipping
Shader 'Universal Render Pipeline/Particles/Lit': fallback shader 'Universal Render Pipeline/Particles/SimpleLit' not found
Refreshing native plugins compatible for Editor in 0.44 ms, found 0 plugins.
Preloading 0 native plugins for Editor in 0.00 ms.
Unloading 2169 Unused Serialized files (Serialized files now loaded: 0)
System memory in use before: 109.2 MB.
System memory in use after: 109.4 MB.

Unloading 6 unused Assets to reduce memory usage. Loaded Objects now: 2779.
Total: 2.330800 ms (FindLiveObjects: 0.184000 ms CreateObjectMapping: 0.082100 ms MarkObjects: 2.011500 ms  DeleteObjects: 0.052100 ms)

========================================================================
Received Prepare
Registering precompiled user dll's ...
Registered in 0.001807 seconds.
Begin MonoManager ReloadAssembly
Native extension for WindowsStandalone target not found
Refreshing native plugins compatible for Editor in 0.38 ms, found 0 plugins.
Preloading 0 native plugins for Editor in 0.00 ms.
Mono: successfully reloaded assembly
- Completed reload, in  0.881 seconds
Platform modules already initialized, skipping
Shader 'Universal Render Pipeline/Particles/Lit': fallback shader 'Universal Render Pipeline/Particles/SimpleLit' not found
Refreshing native plugins compatible for Editor in 0.40 ms, found 0 plugins.
Preloading 0 native plugins for Editor in 0.00 ms.
Unloading 2169 Unused Serialized files (Serialized files now loaded: 0)
System memory in use before: 109.2 MB.
System memory in use after: 109.4 MB.

Unloading 6 unused Assets to reduce memory usage. Loaded Objects now: 2781.
Total: 2.355700 ms (FindLiveObjects: 0.192100 ms CreateObjectMapping: 0.085700 ms MarkObjects: 2.024300 ms  DeleteObjects: 0.052200 ms)

========================================================================
Received Prepare
Registering precompiled user dll's ...
Registered in 0.001513 seconds.
Begin MonoManager ReloadAssembly
Native extension for WindowsStandalone target not found
Refreshing native plugins compatible for Editor in 0.41 ms, found 0 plugins.
Preloading 0 native plugins for Editor in 0.00 ms.
Mono: successfully reloaded assembly
- Completed reload, in  0.955 seconds
Platform modules already initialized, skipping
Shader 'Universal Render Pipeline/Particles/Lit': fallback shader 'Universal Render Pipeline/Particles/SimpleLit' not found
Refreshing native plugins compatible for Editor in 0.39 ms, found 0 plugins.
Preloading 0 native plugins for Editor in 0.00 ms.
Unloading 2169 Unused Serialized files (Serialized files now loaded: 0)
System memory in use before: 109.2 MB.
System memory in use after: 109.4 MB.

Unloading 6 unused Assets to reduce memory usage. Loaded Objects now: 2783.
Total: 2.578600 ms (FindLiveObjects: 0.193200 ms CreateObjectMapping: 0.090000 ms MarkObjects: 2.244300 ms  DeleteObjects: 0.050100 ms)

========================================================================
Received Prepare
Registering precompiled user dll's ...
Registered in 0.001384 seconds.
Begin MonoManager ReloadAssembly
Native extension for WindowsStandalone target not found
Refreshing native plugins compatible for Editor in 0.37 ms, found 0 plugins.
Preloading 0 native plugins for Editor in 0.00 ms.
Mono: successfully reloaded assembly
- Completed reload, in  0.889 seconds
Platform modules already initialized, skipping
Shader 'Universal Render Pipeline/Particles/Lit': fallback shader 'Universal Render Pipeline/Particles/SimpleLit' not found
Refreshing native plugins compatible for Editor in 0.37 ms, found 0 plugins.
Preloading 0 native plugins for Editor in 0.00 ms.
Unloading 2169 Unused Serialized files (Serialized files now loaded: 0)
System memory in use before: 109.2 MB.
System memory in use after: 109.3 MB.

Unloading 6 unused Assets to reduce memory usage. Loaded Objects now: 2785.
Total: 2.549800 ms (FindLiveObjects: 0.203600 ms CreateObjectMapping: 0.092700 ms MarkObjects: 2.202500 ms  DeleteObjects: 0.050000 ms)

========================================================================
Received Prepare
Registering precompiled user dll's ...
Registered in 0.001222 seconds.
Begin MonoManager ReloadAssembly
Native extension for WindowsStandalone target not found
Refreshing native plugins compatible for Editor in 0.40 ms, found 0 plugins.
Preloading 0 native plugins for Editor in 0.00 ms.
Mono: successfully reloaded assembly
- Completed reload, in  1.013 seconds
Platform modules already initialized, skipping
Shader 'Universal Render Pipeline/Particles/Lit': fallback shader 'Universal Render Pipeline/Particles/SimpleLit' not found
Refreshing native plugins compatible for Editor in 0.37 ms, found 0 plugins.
Preloading 0 native plugins for Editor in 0.00 ms.
Unloading 2169 Unused Serialized files (Serialized files now loaded: 0)
System memory in use before: 109.2 MB.
System memory in use after: 109.4 MB.

Unloading 6 unused Assets to reduce memory usage. Loaded Objects now: 2787.
Total: 2.246300 ms (FindLiveObjects: 0.187600 ms CreateObjectMapping: 0.110300 ms MarkObjects: 1.892600 ms  DeleteObjects: 0.054400 ms)

========================================================================
Received Prepare
Registering precompiled user dll's ...
Registered in 0.001395 seconds.
Begin MonoManager ReloadAssembly
Native extension for WindowsStandalone target not found
Refreshing native plugins compatible for Editor in 0.37 ms, found 0 plugins.
Preloading 0 native plugins for Editor in 0.00 ms.
Mono: successfully reloaded assembly
- Completed reload, in  0.923 seconds
Platform modules already initialized, skipping
Shader 'Universal Render Pipeline/Particles/Lit': fallback shader 'Universal Render Pipeline/Particles/SimpleLit' not found
Refreshing native plugins compatible for Editor in 0.43 ms, found 0 plugins.
Preloading 0 native plugins for Editor in 0.00 ms.
Unloading 2169 Unused Serialized files (Serialized files now loaded: 0)
System memory in use before: 109.3 MB.
System memory in use after: 109.4 MB.

Unloading 6 unused Assets to reduce memory usage. Loaded Objects now: 2789.
Total: 2.501800 ms (FindLiveObjects: 0.191500 ms CreateObjectMapping: 0.093200 ms MarkObjects: 2.166400 ms  DeleteObjects: 0.049700 ms)

========================================================================
Received Import Request.
  Time since last request: 2656.402875 seconds.
  path: Assets/GameAssets/Shaders/MaterialiseShader.shadergraph
  artifactKey: Guid(5fec8f8e6ea244648a3c6ede24a56288) Importer(815301076,1909f56bfc062723c751e8b465ee728b)
Start importing Assets/GameAssets/Shaders/MaterialiseShader.shadergraph using Guid(5fec8f8e6ea244648a3c6ede24a56288) Importer(815301076,1909f56bfc062723c751e8b465ee728b)  -> (artifact id: 'b399afc3fa6747c8b41982a8d4655f81') in 0.074561 seconds 
AssetImportWorkerClient::OnTransportError - code=2 error=End of file
